2025-03-28 17:33:49.863304 - Received SBGOLOB.CBT509.FILE006 from FILE006.XMI 
2025-03-28 17:33:49.866306 - Found $$$#DATE.txt (text/plain) in SBGOLOB.CBT509.FILE006, moved to PDS/$$$#DATE
2025-03-28 17:33:49.867411 - Found $$NOTE01.txt (text/plain) in SBGOLOB.CBT509.FILE006, moved to PDS/$$NOTE01
2025-03-28 17:33:49.868711 - Found @FILE006.txt (text/plain) in SBGOLOB.CBT509.FILE006, moved to PDS/@FILE006
2025-03-28 17:33:49.870382 - Found ASMLK.jcl (text/plain) in SBGOLOB.CBT509.FILE006, moved to PDS/ASMLK
2025-03-28 17:33:49.872066 - Found CBTCOPY.txt (text/plain) in SBGOLOB.CBT509.FILE006, moved to PDS/CBTCOPY
2025-03-28 17:33:49.873563 - Found CBTCOPY$.jcl (text/plain) in SBGOLOB.CBT509.FILE006, moved to PDS/CBTCOPY$
2025-03-28 17:33:49.875033 - Found CBTCOPY@.jcl (text/plain) in SBGOLOB.CBT509.FILE006, moved to PDS/CBTCOPY@
2025-03-28 17:33:49.876405 - Found CBTUPD.txt (text/plain) in SBGOLOB.CBT509.FILE006, moved to PDS/CBTUPD
2025-03-28 17:33:49.877640 - Found CBTUPD$.jcl (text/plain) in SBGOLOB.CBT509.FILE006, moved to PDS/CBTUPD$
2025-03-28 17:33:49.878910 - Found CBTUPDTE.txt (text/plain) in SBGOLOB.CBT509.FILE006, moved to PDS/CBTUPDTE
2025-03-28 17:33:49.880331 - Found COVUPDTE.txt (text/plain) in SBGOLOB.CBT509.FILE006, moved to PDS/COVUPDTE
2025-03-28 17:33:49.881577 - Found DOCCOV.txt (text/plain) in SBGOLOB.CBT509.FILE006, moved to PDS/DOCCOV
2025-03-28 17:33:49.882761 - Found DOCFIL.txt (text/plain) in SBGOLOB.CBT509.FILE006, moved to PDS/DOCFIL
2025-03-28 17:33:49.884121 - Found DOCFILA.txt (text/plain) in SBGOLOB.CBT509.FILE006, moved to PDS/DOCFILA
2025-03-28 17:33:49.885599 - Found DOCFILE.txt (text/plain) in SBGOLOB.CBT509.FILE006, moved to PDS/DOCFILE
2025-03-28 17:33:49.886516 - Found DOCFILE$.jcl (text/plain) in SBGOLOB.CBT509.FILE006, moved to PDS/DOCFILE$
2025-03-28 17:33:49.887826 - Found DOCFILE#.jcl (text/plain) in SBGOLOB.CBT509.FILE006, moved to PDS/DOCFILE#
2025-03-28 17:33:49.889151 - Found DOCFILE@.jcl (text/plain) in SBGOLOB.CBT509.FILE006, moved to PDS/DOCFILE@
2025-03-28 17:33:49.890273 - Found DOCFILN.txt (text/plain) in SBGOLOB.CBT509.FILE006, moved to PDS/DOCFILN
2025-03-28 17:33:49.891441 - Found DOCFILX.rexx (text/plain) in SBGOLOB.CBT509.FILE006, moved to PDS/DOCFILX
2025-03-28 17:33:49.892614 - Found DOCFIL01.txt (text/plain) in SBGOLOB.CBT509.FILE006, moved to PDS/DOCFIL01
2025-03-28 17:33:49.893926 - Found ENDALL.txt (text/plain) in SBGOLOB.CBT509.FILE006, moved to PDS/ENDALL
2025-03-28 17:33:49.895667 - Found GENCOV.txt (text/plain) in SBGOLOB.CBT509.FILE006, moved to PDS/GENCOV
2025-03-28 17:33:49.897243 - Found GENDAT.txt (text/plain) in SBGOLOB.CBT509.FILE006, moved to PDS/GENDAT
2025-03-28 17:33:49.898503 - Found GENDATE.txt (text/plain) in SBGOLOB.CBT509.FILE006, moved to PDS/GENDATE
2025-03-28 17:33:49.899757 - Found GENDATN.txt (text/plain) in SBGOLOB.CBT509.FILE006, moved to PDS/GENDATN
2025-03-28 17:33:49.901111 - Found GENDATQ.rexx (text/plain) in SBGOLOB.CBT509.FILE006, moved to PDS/GENDATQ
2025-03-28 17:33:49.903984 - Found GENDATR.rexx (text/plain) in SBGOLOB.CBT509.FILE006, moved to PDS/GENDATR
2025-03-28 17:33:49.905176 - Found GENDESC.txt (text/plain) in SBGOLOB.CBT509.FILE006, moved to PDS/GENDESC
2025-03-28 17:33:49.906186 - Found GENFILE.txt (text/plain) in SBGOLOB.CBT509.FILE006, moved to PDS/GENFILE
2025-03-28 17:33:49.907408 - Found GENJCL7.txt (text/plain) in SBGOLOB.CBT509.FILE006, moved to PDS/GENJCL7
2025-03-28 17:33:49.908258 - Found GENJCL8.txt (text/plain) in SBGOLOB.CBT509.FILE006, moved to PDS/GENJCL8
2025-03-28 17:33:49.909457 - Found GENSTAT.txt (text/plain) in SBGOLOB.CBT509.FILE006, moved to PDS/GENSTAT
2025-03-28 17:33:49.910631 - Found KEYWORD.txt (text/plain) in SBGOLOB.CBT509.FILE006, moved to PDS/KEYWORD
2025-03-28 17:33:49.911573 - Found KEYWORDH.xmi (application/xmit) in SBGOLOB.CBT509.FILE006, moved to PDS/KEYWORDH
2025-03-28 17:33:49.918115 - Found KEYWORDS.txt (text/plain) in SBGOLOB.CBT509.FILE006, moved to PDS/KEYWORDS
2025-03-28 17:33:49.919626 - Found OSTAREDC.txt (text/plain) in SBGOLOB.CBT509.FILE006, moved to PDS/OSTAREDC
2025-03-28 17:33:49.921151 - Found OSTARREC.rexx (text/plain) in SBGOLOB.CBT509.FILE006, moved to PDS/OSTARREC
2025-03-28 17:33:49.922175 - Found OSTARXMT.rexx (text/plain) in SBGOLOB.CBT509.FILE006, moved to PDS/OSTARXMT
2025-03-28 17:33:49.922728 - Found SAVEALL.txt (text/plain) in SBGOLOB.CBT509.FILE006, moved to PDS/SAVEALL
2025-03-28 17:33:49.923226 - Found VBCLIST$.txt (text/plain) in SBGOLOB.CBT509.FILE006, moved to PDS/VBCLIST$
2025-03-28 17:33:49.925104 - Found VBCLISTS.xmi (application/xmit) in SBGOLOB.CBT509.FILE006, moved to PDS/VBCLISTS
2025-03-28 17:33:49.930246 - Found VTT2DISK.txt (text/plain) in SBGOLOB.CBT509.FILE006, moved to PDS/VTT2DISK
2025-03-28 17:33:49.931207 - Found VTT2TAPE.txt (text/plain) in SBGOLOB.CBT509.FILE006, moved to PDS/VTT2TAPE
